Build started 2015-11-12 23:13:39.
     1>Project "c:\Users\Agnes\documents\visual studio 2013\Projects\lab5\lab5\lab5.vcxproj" on node 2 (Build target(s)).
     1>ClCompile:
         C:\Program Files (x86)\Microsoft Visual Studio 12.0\VC\bin\CL.exe /c /ZI /nologo /W3 /WX- /Od /Oy- /D WIN32 /D _DEBUG /D _CONSOLE /D _LIB /D _UNICODE /D UNICODE /Gm /EHsc /RTC1 /MDd /GS /fp:precise /Zc:wchar_t /Zc:forScope /Fo"Debug\\" /Fd"Debug\vc120.pdb" /Gd /TP /analyze- /errorReport:prompt zad2.cpp
         zad2.cpp
       Link:
         C:\Program Files (x86)\Microsoft Visual Studio 12.0\VC\bin\link.exe /ERRORREPORT:PROMPT /OUT:"c:\users\agnes\documents\visual studio 2013\Projects\lab5\Debug\lab5.exe" /INCREMENTAL /NOLOGO kernel32.lib user32.lib gdi32.lib winspool.lib comdlg32.lib advapi32.lib shell32.lib ole32.lib oleaut32.lib uuid.lib odbc32.lib odbccp32.lib /MANIFEST /MANIFESTUAC:"level='asInvoker' uiAccess='false'" /manifest:embed /DEBUG /PDB:"c:\users\agnes\documents\visual studio 2013\Projects\lab5\Debug\lab5.pdb" /SUBSYSTEM:CONSOLE /TLBID:1 /DYNAMICBASE /NXCOMPAT /IMPLIB:"c:\users\agnes\documents\visual studio 2013\Projects\lab5\Debug\lab5.lib" /MACHINE:X86 Debug\zad1.obj
         Debug\zad2.obj
     1>zad2.obj : error LNK2005: "int __cdecl avg(int *,int)" (?avg@@YAHPAHH@Z) already defined in zad1.obj
     1>zad2.obj : error LNK2005: "int __cdecl max(int *,int)" (?max@@YAHPAHH@Z) already defined in zad1.obj
     1>zad2.obj : error LNK2005: "int __cdecl min(int *,int)" (?min@@YAHPAHH@Z) already defined in zad1.obj
     1>zad2.obj : error LNK2005: "int __cdecl sum(int *,int)" (?sum@@YAHPAHH@Z) already defined in zad1.obj
     1>zad2.obj : error LNK2005: _main already defined in zad1.obj
     1>c:\users\agnes\documents\visual studio 2013\Projects\lab5\Debug\lab5.exe : fatal error LNK1169: one or more multiply defined symbols found
     1>Done Building Project "c:\Users\Agnes\documents\visual studio 2013\Projects\lab5\lab5\lab5.vcxproj" (Build target(s)) -- FAILED.

Build FAILED.

Time Elapsed 00:00:03.90
